Connecting to database specified by database.yml
Connecting to database specified by database.yml
Connecting to database specified by database.yml
Connecting to database specified by database.yml
Connecting to database specified by database.yml


Started GET "/assets/rails.png" for 10.0.2.2 at 2013-03-13 13:18:33 +0000
Connecting to database specified by database.yml
Served asset /rails.png - 304 Not Modified (125ms)


Started GET "/static_pages/about" for 10.0.2.2 at 2013-03-13 13:18:41 +0000
Processing by StaticPagesController#about as HTML
  Rendered static_pages/about.html.erb within layouts/application (10.3ms)
Compiled static_pages.css  (102ms)  (pid 1580)
Compiled application.css  (219ms)  (pid 1580)
Compiled jquery.js  (3ms)  (pid 1580)
Compiled jquery_ujs.js  (0ms)  (pid 1580)
Compiled static_pages.js  (583ms)  (pid 1580)
Compiled application.js  (1117ms)  (pid 1580)
Completed 200 OK in 2148ms (Views: 2147.5ms | ActiveRecord: 0.0ms)


Started GET "/assets/application.css?body=1" for 10.0.2.2 at 2013-03-13 13:18:44 +0000
Served asset /application.css - 200 OK (30ms)


Started GET "/assets/jquery_ujs.js?body=1" for 10.0.2.2 at 2013-03-13 13:18:44 +0000
Served asset /jquery_ujs.js - 200 OK (32ms)


Started GET "/assets/jquery.js?body=1" for 10.0.2.2 at 2013-03-13 13:18:44 +0000
Served asset /jquery.js - 200 OK (42ms)


Started GET "/assets/static_pages.css?body=1" for 10.0.2.2 at 2013-03-13 13:18:44 +0000
Served asset /static_pages.css - 200 OK (25ms)


Started GET "/assets/static_pages.js?body=1" for 10.0.2.2 at 2013-03-13 13:18:44 +0000
Served asset /static_pages.js - 200 OK (17ms)


Started GET "/assets/application.js?body=1" for 10.0.2.2 at 2013-03-13 13:18:44 +0000
Served asset /application.js - 200 OK (49ms)
Connecting to database specified by database.yml
Connecting to database specified by database.yml


Started GET "/assets/application.css" for 10.0.2.2 at 2013-04-11 10:25:45 +0100
Connecting to database specified by database.yml
Served asset /application.css - 200 OK (76ms)


Started GET "/static_pages/home" for 10.0.2.2 at 2013-04-12 11:37:33 +0100
Connecting to database specified by database.yml
Processing by StaticPagesController#home as HTML
  Rendered static_pages/home.html.erb within layouts/application (8.8ms)
Completed 200 OK in 252ms (Views: 251.4ms | ActiveRecord: 0.0ms)


Started GET "/assets/jquery.js?body=1" for 10.0.2.2 at 2013-04-12 11:37:34 +0100
Served asset /jquery.js - 304 Not Modified (28ms)


Started GET "/assets/application.js?body=1" for 10.0.2.2 at 2013-04-12 11:37:34 +0100
Served asset /application.js - 304 Not Modified (44ms)


Started GET "/assets/jquery_ujs.js?body=1" for 10.0.2.2 at 2013-04-12 11:37:34 +0100
Served asset /jquery_ujs.js - 304 Not Modified (26ms)


Started GET "/assets/static_pages.js?body=1" for 10.0.2.2 at 2013-04-12 11:37:34 +0100
Served asset /static_pages.js - 304 Not Modified (18ms)


Started GET "/assets/static_pages.css?body=1" for 10.0.2.2 at 2013-04-12 11:37:34 +0100
Served asset /static_pages.css - 304 Not Modified (20ms)


Started GET "/assets/application.css?body=1" for 10.0.2.2 at 2013-04-12 11:37:34 +0100
Served asset /application.css - 304 Not Modified (28ms)


Started GET "/assets/rails.png" for 10.0.2.2 at 2013-04-12 11:37:35 +0100
Served asset /rails.png - 304 Not Modified (10ms)


Started GET "/static_pages/home" for 10.0.2.2 at 2013-04-12 11:41:17 +0100
Connecting to database specified by database.yml
Processing by StaticPagesController#home as HTML
  Rendered static_pages/home.html.erb within layouts/application (30.8ms)
Compiled custom.css  (3604ms)  (pid 2651)
Compiled application.css  (3761ms)  (pid 2651)
Completed 200 OK in 4379ms (Views: 4378.3ms | ActiveRecord: 0.0ms)


Started GET "/assets/custom.css?body=1" for 10.0.2.2 at 2013-04-12 11:41:23 +0100
Served asset /custom.css - 200 OK (31ms)


Started GET "/assets/jquery.js?body=1" for 10.0.2.2 at 2013-04-12 11:41:23 +0100
Served asset /jquery.js - 304 Not Modified (63ms)


Started GET "/assets/static_pages.css?body=1" for 10.0.2.2 at 2013-04-12 11:41:23 +0100
Served asset /static_pages.css - 304 Not Modified (22ms)


Started GET "/assets/jquery_ujs.js?body=1" for 10.0.2.2 at 2013-04-12 11:41:23 +0100
Served asset /jquery_ujs.js - 304 Not Modified (31ms)


Started GET "/assets/application.css?body=1" for 10.0.2.2 at 2013-04-12 11:41:23 +0100
Served asset /application.css - 304 Not Modified (56ms)


Started GET "/assets/static_pages.js?body=1" for 10.0.2.2 at 2013-04-12 11:41:23 +0100
Served asset /static_pages.js - 304 Not Modified (19ms)


Started GET "/assets/application.js?body=1" for 10.0.2.2 at 2013-04-12 11:41:23 +0100
Served asset /application.js - 304 Not Modified (40ms)


Started GET "/assets/rails.png" for 10.0.2.2 at 2013-04-12 11:41:23 +0100
Served asset /rails.png - 304 Not Modified (10ms)


Started GET "/static_pages/home" for 10.0.2.2 at 2013-04-12 11:42:29 +0100
Connecting to database specified by database.yml
Processing by StaticPagesController#home as HTML
  Rendered static_pages/home.html.erb within layouts/application (29.4ms)
Compiled custom.css  (1969ms)  (pid 2663)
Compiled application.css  (4ms)  (pid 2663)
Completed 200 OK in 2694ms (Views: 2693.8ms | ActiveRecord: 0.0ms)


Started GET "/assets/jquery.js?body=1" for 10.0.2.2 at 2013-04-12 11:42:33 +0100
Served asset /jquery.js - 304 Not Modified (38ms)


Started GET "/assets/custom.css?body=1" for 10.0.2.2 at 2013-04-12 11:42:33 +0100
Served asset /custom.css - 200 OK (66ms)


Started GET "/assets/application.css?body=1" for 10.0.2.2 at 2013-04-12 11:42:33 +0100
Served asset /application.css - 304 Not Modified (72ms)


Started GET "/assets/static_pages.css?body=1" for 10.0.2.2 at 2013-04-12 11:42:33 +0100
Served asset /static_pages.css - 304 Not Modified (22ms)


Started GET "/assets/jquery_ujs.js?body=1" for 10.0.2.2 at 2013-04-12 11:42:33 +0100
Served asset /jquery_ujs.js - 304 Not Modified (25ms)


Started GET "/assets/static_pages.js?body=1" for 10.0.2.2 at 2013-04-12 11:42:33 +0100
Served asset /static_pages.js - 304 Not Modified (17ms)


Started GET "/assets/application.js?body=1" for 10.0.2.2 at 2013-04-12 11:42:33 +0100
Served asset /application.js - 304 Not Modified (38ms)


Started GET "/assets/rails.png" for 10.0.2.2 at 2013-04-12 11:42:33 +0100
Served asset /rails.png - 304 Not Modified (10ms)


Started GET "/static_pages/home" for 10.0.2.2 at 2013-04-12 11:51:58 +0100
Connecting to database specified by database.yml
Processing by StaticPagesController#home as HTML
  Rendered static_pages/home.html.erb within layouts/application (35.1ms)
Compiled custom.css  (1903ms)  (pid 2836)
Compiled application.css  (3ms)  (pid 2836)
  Rendered layouts/_shim.html.erb (0.5ms)
  Rendered layouts/_header.html.erb (0.8ms)
  Rendered layouts/_footer.html.erb (0.7ms)
Completed 200 OK in 2769ms (Views: 2767.7ms | ActiveRecord: 0.0ms)


Started GET "/assets/jquery_ujs.js?body=1" for 10.0.2.2 at 2013-04-12 11:52:02 +0100
Served asset /jquery_ujs.js - 304 Not Modified (31ms)


Started GET "/assets/static_pages.css?body=1" for 10.0.2.2 at 2013-04-12 11:52:03 +0100
Served asset /static_pages.css - 304 Not Modified (22ms)


Started GET "/assets/static_pages.js?body=1" for 10.0.2.2 at 2013-04-12 11:52:03 +0100
Served asset /static_pages.js - 304 Not Modified (20ms)


Started GET "/assets/jquery.js?body=1" for 10.0.2.2 at 2013-04-12 11:52:03 +0100
Served asset /jquery.js - 304 Not Modified (29ms)


Started GET "/assets/custom.css?body=1" for 10.0.2.2 at 2013-04-12 11:52:03 +0100
Served asset /custom.css - 200 OK (31ms)


Started GET "/assets/application.css?body=1" for 10.0.2.2 at 2013-04-12 11:52:03 +0100
Served asset /application.css - 304 Not Modified (73ms)


Started GET "/assets/application.js?body=1" for 10.0.2.2 at 2013-04-12 11:52:03 +0100
Served asset /application.js - 304 Not Modified (40ms)


Started GET "/assets/rails.png" for 10.0.2.2 at 2013-04-12 11:52:03 +0100
Served asset /rails.png - 304 Not Modified (10ms)


Started GET "/static_pages/home" for 10.0.2.2 at 2013-04-16 12:48:19 +0100
Connecting to database specified by database.yml

ActionController::RoutingError (No route matches [GET] "/static_pages/home"):
  actionpack (3.2.12) lib/action_dispatch/middleware/debug_exceptions.rb:21:in `call'
  actionpack (3.2.12) lib/action_dispatch/middleware/show_exceptions.rb:56:in `call'
  railties (3.2.12) lib/rails/rack/logger.rb:32:in `call_app'
  railties (3.2.12) lib/rails/rack/logger.rb:16:in `block in call'
  activesupport (3.2.12) lib/active_support/tagged_logging.rb:22:in `tagged'
  railties (3.2.12) lib/rails/rack/logger.rb:16:in `call'
  actionpack (3.2.12) lib/action_dispatch/middleware/request_id.rb:22:in `call'
  rack (1.4.5) lib/rack/methodoverride.rb:21:in `call'
  rack (1.4.5) lib/rack/runtime.rb:17:in `call'
  activesupport (3.2.12) lib/active_support/cache/strategy/local_cache.rb:72:in `call'
  rack (1.4.5) lib/rack/lock.rb:15:in `call'
  actionpack (3.2.12) lib/action_dispatch/middleware/static.rb:62:in `call'
  railties (3.2.12) lib/rails/engine.rb:479:in `call'
  railties (3.2.12) lib/rails/application.rb:223:in `call'
  rack (1.4.5) lib/rack/content_length.rb:14:in `call'
  railties (3.2.12) lib/rails/rack/log_tailer.rb:17:in `call'
  rack (1.4.5) lib/rack/handler/webrick.rb:59:in `service'
  /home/alu4031/.rvm/rubies/ruby-1.9.3-p385/lib/ruby/1.9.1/webrick/httpserver.rb:138:in `service'
  /home/alu4031/.rvm/rubies/ruby-1.9.3-p385/lib/ruby/1.9.1/webrick/httpserver.rb:94:in `run'
  /home/alu4031/.rvm/rubies/ruby-1.9.3-p385/lib/ruby/1.9.1/webrick/server.rb:191:in `block in start_thread'


  Rendered /home/alu4031/.rvm/gems/ruby-1.9.3-p385/gems/actionpack-3.2.12/lib/action_dispatch/middleware/templates/rescues/routing_error.erb within rescues/layout (8.9ms)


Started GET "/about" for 10.0.2.2 at 2013-04-16 12:48:22 +0100
Processing by StaticPagesController#about as HTML
  Rendered static_pages/about.html.erb within layouts/application (0.9ms)
Compiled custom.css  (2141ms)  (pid 1879)
Compiled application.css  (2ms)  (pid 1879)
  Rendered layouts/_shim.html.erb (0.5ms)
  Rendered layouts/_header.html.erb (1.6ms)
  Rendered layouts/_footer.html.erb (1.2ms)
Completed 200 OK in 2983ms (Views: 2982.5ms | ActiveRecord: 0.0ms)


Started GET "/assets/jquery_ujs.js?body=1" for 10.0.2.2 at 2013-04-16 12:48:26 +0100
Served asset /jquery_ujs.js - 304 Not Modified (28ms)


Started GET "/assets/static_pages.js?body=1" for 10.0.2.2 at 2013-04-16 12:48:26 +0100
Served asset /static_pages.js - 304 Not Modified (23ms)


Started GET "/assets/jquery.js?body=1" for 10.0.2.2 at 2013-04-16 12:48:26 +0100
Served asset /jquery.js - 304 Not Modified (84ms)


Started GET "/assets/application.js?body=1" for 10.0.2.2 at 2013-04-16 12:48:26 +0100
Served asset /application.js - 304 Not Modified (51ms)


Started GET "/assets/application.css?body=1" for 10.0.2.2 at 2013-04-16 12:48:26 +0100
Served asset /application.css - 200 OK (63ms)


Started GET "/about" for 10.0.2.2 at 2013-04-16 12:50:54 +0100
Connecting to database specified by database.yml
Processing by StaticPagesController#about as HTML
  Rendered static_pages/about.html.erb within layouts/application (7.4ms)
  Rendered layouts/_shim.html.erb (0.4ms)
  Rendered layouts/_header.html.erb (1.6ms)
  Rendered layouts/_footer.html.erb (1.2ms)
Completed 200 OK in 328ms (Views: 327.5ms | ActiveRecord: 0.0ms)


Started GET "/assets/application.css?body=1" for 10.0.2.2 at 2013-04-16 12:50:56 +0100
Served asset /application.css - 200 OK (22ms)


Started GET "/assets/application.js?body=1" for 10.0.2.2 at 2013-04-16 12:50:56 +0100
Served asset /application.js - 304 Not Modified (39ms)


Started GET "/assets/jquery_ujs.js?body=1" for 10.0.2.2 at 2013-04-16 12:50:56 +0100
Served asset /jquery_ujs.js - 304 Not Modified (29ms)


Started GET "/assets/jquery.js?body=1" for 10.0.2.2 at 2013-04-16 12:50:56 +0100
Served asset /jquery.js - 304 Not Modified (39ms)


Started GET "/assets/static_pages.js?body=1" for 10.0.2.2 at 2013-04-16 12:50:56 +0100
Served asset /static_pages.js - 304 Not Modified (17ms)


Started GET "/help" for 10.0.2.2 at 2013-04-16 12:52:05 +0100
Processing by StaticPagesController#help as HTML
  Rendered static_pages/help.html.erb within layouts/application (0.6ms)
  Rendered layouts/_shim.html.erb (0.1ms)
  Rendered layouts/_header.html.erb (0.9ms)
  Rendered layouts/_footer.html.erb (0.5ms)
Completed 200 OK in 162ms (Views: 161.5ms | ActiveRecord: 0.0ms)


Started GET "/assets/static_pages.js?body=1" for 10.0.2.2 at 2013-04-16 12:52:05 +0100
Served asset /static_pages.js - 304 Not Modified (4ms)


Started GET "/assets/application.js?body=1" for 10.0.2.2 at 2013-04-16 12:52:05 +0100
Served asset /application.js - 304 Not Modified (13ms)


Started GET "/assets/jquery.js?body=1" for 10.0.2.2 at 2013-04-16 12:52:05 +0100
Served asset /jquery.js - 304 Not Modified (1ms)


Started GET "/assets/jquery_ujs.js?body=1" for 10.0.2.2 at 2013-04-16 12:52:05 +0100
Served asset /jquery_ujs.js - 304 Not Modified (1ms)


Started GET "/assets/application.css?body=1" for 10.0.2.2 at 2013-04-16 12:52:05 +0100
Served asset /application.css - 304 Not Modified (1ms)


Started GET "/about" for 10.0.2.2 at 2013-04-16 12:52:13 +0100
Processing by StaticPagesController#about as HTML
  Rendered static_pages/about.html.erb within layouts/application (0.1ms)
  Rendered layouts/_shim.html.erb (0.1ms)
  Rendered layouts/_header.html.erb (1.0ms)
  Rendered layouts/_footer.html.erb (0.5ms)
Completed 200 OK in 190ms (Views: 190.2ms | ActiveRecord: 0.0ms)


Started GET "/assets/static_pages.js?body=1" for 10.0.2.2 at 2013-04-16 12:52:13 +0100
Served asset /static_pages.js - 304 Not Modified (4ms)


Started GET "/assets/jquery.js?body=1" for 10.0.2.2 at 2013-04-16 12:52:13 +0100
Served asset /jquery.js - 304 Not Modified (2ms)


Started GET "/assets/jquery_ujs.js?body=1" for 10.0.2.2 at 2013-04-16 12:52:13 +0100
Served asset /jquery_ujs.js - 304 Not Modified (1ms)


Started GET "/assets/application.css?body=1" for 10.0.2.2 at 2013-04-16 12:52:13 +0100
Served asset /application.css - 304 Not Modified (1ms)


Started GET "/assets/application.js?body=1" for 10.0.2.2 at 2013-04-16 12:52:13 +0100
Served asset /application.js - 304 Not Modified (12ms)


Started GET "/home" for 10.0.2.2 at 2013-04-16 12:52:46 +0100

ActionController::RoutingError (No route matches [GET] "/home"):
  actionpack (3.2.12) lib/action_dispatch/middleware/debug_exceptions.rb:21:in `call'
  actionpack (3.2.12) lib/action_dispatch/middleware/show_exceptions.rb:56:in `call'
  railties (3.2.12) lib/rails/rack/logger.rb:32:in `call_app'
  railties (3.2.12) lib/rails/rack/logger.rb:16:in `block in call'
  activesupport (3.2.12) lib/active_support/tagged_logging.rb:22:in `tagged'
  railties (3.2.12) lib/rails/rack/logger.rb:16:in `call'
  actionpack (3.2.12) lib/action_dispatch/middleware/request_id.rb:22:in `call'
  rack (1.4.5) lib/rack/methodoverride.rb:21:in `call'
  rack (1.4.5) lib/rack/runtime.rb:17:in `call'
  activesupport (3.2.12) lib/active_support/cache/strategy/local_cache.rb:72:in `call'
  rack (1.4.5) lib/rack/lock.rb:15:in `call'
  actionpack (3.2.12) lib/action_dispatch/middleware/static.rb:62:in `call'
  railties (3.2.12) lib/rails/engine.rb:479:in `call'
  railties (3.2.12) lib/rails/application.rb:223:in `call'
  rack (1.4.5) lib/rack/content_length.rb:14:in `call'
  railties (3.2.12) lib/rails/rack/log_tailer.rb:17:in `call'
  rack (1.4.5) lib/rack/handler/webrick.rb:59:in `service'
  /home/alu4031/.rvm/rubies/ruby-1.9.3-p385/lib/ruby/1.9.1/webrick/httpserver.rb:138:in `service'
  /home/alu4031/.rvm/rubies/ruby-1.9.3-p385/lib/ruby/1.9.1/webrick/httpserver.rb:94:in `run'
  /home/alu4031/.rvm/rubies/ruby-1.9.3-p385/lib/ruby/1.9.1/webrick/server.rb:191:in `block in start_thread'


  Rendered /home/alu4031/.rvm/gems/ruby-1.9.3-p385/gems/actionpack-3.2.12/lib/action_dispatch/middleware/templates/rescues/routing_error.erb within rescues/layout (0.6ms)


Started GET "/about" for 10.0.2.2 at 2013-04-16 12:52:52 +0100
Processing by StaticPagesController#about as HTML
  Rendered static_pages/about.html.erb within layouts/application (0.1ms)
  Rendered layouts/_shim.html.erb (0.0ms)
  Rendered layouts/_header.html.erb (0.9ms)
  Rendered layouts/_footer.html.erb (0.6ms)
Completed 200 OK in 159ms (Views: 158.8ms | ActiveRecord: 0.0ms)


Started GET "/assets/static_pages.js?body=1" for 10.0.2.2 at 2013-04-16 12:52:52 +0100
Served asset /static_pages.js - 304 Not Modified (3ms)


Started GET "/assets/jquery.js?body=1" for 10.0.2.2 at 2013-04-16 12:52:52 +0100
Served asset /jquery.js - 304 Not Modified (3ms)


Started GET "/assets/jquery_ujs.js?body=1" for 10.0.2.2 at 2013-04-16 12:52:52 +0100
Served asset /jquery_ujs.js - 304 Not Modified (1ms)


Started GET "/assets/application.js?body=1" for 10.0.2.2 at 2013-04-16 12:52:52 +0100
Served asset /application.js - 304 Not Modified (12ms)


Started GET "/assets/application.css?body=1" for 10.0.2.2 at 2013-04-16 12:52:52 +0100
Served asset /application.css - 304 Not Modified (0ms)


Started GET "/about" for 10.0.2.2 at 2013-04-16 12:55:12 +0100
Connecting to database specified by database.yml
Processing by StaticPagesController#about as HTML
  Rendered static_pages/about.html.erb within layouts/application (8.2ms)
  Rendered layouts/_shim.html.erb (0.4ms)
  Rendered layouts/_header.html.erb (1.5ms)
  Rendered layouts/_footer.html.erb (1.3ms)
Completed 200 OK in 325ms (Views: 324.9ms | ActiveRecord: 0.0ms)


Started GET "/assets/application.css?body=1" for 10.0.2.2 at 2013-04-16 12:55:14 +0100
Served asset /application.css - 304 Not Modified (17ms)


Started GET "/assets/application.js?body=1" for 10.0.2.2 at 2013-04-16 12:55:14 +0100
Served asset /application.js - 304 Not Modified (39ms)


Started GET "/assets/static_pages.js?body=1" for 10.0.2.2 at 2013-04-16 12:55:14 +0100
Served asset /static_pages.js - 304 Not Modified (17ms)


Started GET "/assets/jquery_ujs.js?body=1" for 10.0.2.2 at 2013-04-16 12:55:14 +0100
Served asset /jquery_ujs.js - 304 Not Modified (31ms)


Started GET "/assets/jquery.js?body=1" for 10.0.2.2 at 2013-04-16 12:55:14 +0100
Served asset /jquery.js - 304 Not Modified (32ms)


Started GET "/about/" for 10.0.2.2 at 2013-04-16 13:02:30 +0100
Connecting to database specified by database.yml
Processing by StaticPagesController#about as HTML
  Rendered static_pages/about.html.erb within layouts/application (9.4ms)
  Rendered layouts/_shim.html.erb (0.5ms)
  Rendered layouts/_header.html.erb (1.5ms)
  Rendered layouts/_footer.html.erb (1.2ms)
Completed 200 OK in 327ms (Views: 326.0ms | ActiveRecord: 0.0ms)


Started GET "/assets/jquery.js?body=1" for 10.0.2.2 at 2013-04-16 13:02:32 +0100
Served asset /jquery.js - 304 Not Modified (34ms)


Started GET "/assets/jquery_ujs.js?body=1" for 10.0.2.2 at 2013-04-16 13:02:32 +0100
Served asset /jquery_ujs.js - 304 Not Modified (28ms)


Started GET "/assets/application.css?body=1" for 10.0.2.2 at 2013-04-16 13:02:32 +0100
Served asset /application.css - 304 Not Modified (19ms)


Started GET "/assets/static_pages.js?body=1" for 10.0.2.2 at 2013-04-16 13:02:32 +0100
Served asset /static_pages.js - 304 Not Modified (17ms)


Started GET "/assets/application.js?body=1" for 10.0.2.2 at 2013-04-16 13:02:32 +0100
Served asset /application.js - 304 Not Modified (41ms)
Connecting to database specified by database.yml


Started GET "/about" for 10.0.2.2 at 2013-04-16 13:21:55 +0100
Connecting to database specified by database.yml
Processing by StaticPagesController#about as HTML
  Rendered static_pages/about.html.erb within layouts/application (28.2ms)
Compiled users.js  (592ms)  (pid 2453)
Compiled application.js  (707ms)  (pid 2453)
  Rendered layouts/_shim.html.erb (0.7ms)
  Rendered layouts/_header.html.erb (2.3ms)
  Rendered layouts/_footer.html.erb (1.2ms)
Completed 200 OK in 1309ms (Views: 1308.6ms | ActiveRecord: 0.0ms)


Started GET "/assets/jquery.js?body=1" for 10.0.2.2 at 2013-04-16 13:21:58 +0100
Served asset /jquery.js - 304 Not Modified (32ms)


Started GET "/assets/application.css?body=1" for 10.0.2.2 at 2013-04-16 13:21:58 +0100
Served asset /application.css - 304 Not Modified (21ms)


Started GET "/assets/jquery_ujs.js?body=1" for 10.0.2.2 at 2013-04-16 13:21:58 +0100
Served asset /jquery_ujs.js - 304 Not Modified (27ms)


Started GET "/assets/users.js?body=1" for 10.0.2.2 at 2013-04-16 13:21:58 +0100
Served asset /users.js - 200 OK (14ms)


Started GET "/assets/application.js?body=1" for 10.0.2.2 at 2013-04-16 13:21:58 +0100
Served asset /application.js - 304 Not Modified (42ms)


Started GET "/assets/static_pages.js?body=1" for 10.0.2.2 at 2013-04-16 13:21:58 +0100
Served asset /static_pages.js - 304 Not Modified (17ms)


Started GET "/singup/" for 10.0.2.2 at 2013-04-16 13:21:59 +0100

ActionController::RoutingError (No route matches [GET] "/singup"):
  actionpack (3.2.12) lib/action_dispatch/middleware/debug_exceptions.rb:21:in `call'
  actionpack (3.2.12) lib/action_dispatch/middleware/show_exceptions.rb:56:in `call'
  railties (3.2.12) lib/rails/rack/logger.rb:32:in `call_app'
  railties (3.2.12) lib/rails/rack/logger.rb:16:in `block in call'
  activesupport (3.2.12) lib/active_support/tagged_logging.rb:22:in `tagged'
  railties (3.2.12) lib/rails/rack/logger.rb:16:in `call'
  actionpack (3.2.12) lib/action_dispatch/middleware/request_id.rb:22:in `call'
  rack (1.4.5) lib/rack/methodoverride.rb:21:in `call'
  rack (1.4.5) lib/rack/runtime.rb:17:in `call'
  activesupport (3.2.12) lib/active_support/cache/strategy/local_cache.rb:72:in `call'
  rack (1.4.5) lib/rack/lock.rb:15:in `call'
  actionpack (3.2.12) lib/action_dispatch/middleware/static.rb:62:in `call'
  railties (3.2.12) lib/rails/engine.rb:479:in `call'
  railties (3.2.12) lib/rails/application.rb:223:in `call'
  rack (1.4.5) lib/rack/content_length.rb:14:in `call'
  railties (3.2.12) lib/rails/rack/log_tailer.rb:17:in `call'
  rack (1.4.5) lib/rack/handler/webrick.rb:59:in `service'
  /home/alu4031/.rvm/rubies/ruby-1.9.3-p385/lib/ruby/1.9.1/webrick/httpserver.rb:138:in `service'
  /home/alu4031/.rvm/rubies/ruby-1.9.3-p385/lib/ruby/1.9.1/webrick/httpserver.rb:94:in `run'
  /home/alu4031/.rvm/rubies/ruby-1.9.3-p385/lib/ruby/1.9.1/webrick/server.rb:191:in `block in start_thread'


  Rendered /home/alu4031/.rvm/gems/ruby-1.9.3-p385/gems/actionpack-3.2.12/lib/action_dispatch/middleware/templates/rescues/routing_error.erb within rescues/layout (0.7ms)


Started GET "/signup/" for 10.0.2.2 at 2013-04-16 13:26:59 +0100
Connecting to database specified by database.yml
Processing by UsersController#new as HTML
  Rendered users/new.html.erb within layouts/application (29.1ms)
  Rendered layouts/_shim.html.erb (0.5ms)
  Rendered layouts/_header.html.erb (1.5ms)
  Rendered layouts/_footer.html.erb (1.2ms)
Completed 200 OK in 347ms (Views: 346.3ms | ActiveRecord: 0.0ms)


Started GET "/assets/jquery_ujs.js?body=1" for 10.0.2.2 at 2013-04-16 13:27:00 +0100
Served asset /jquery_ujs.js - 304 Not Modified (27ms)


Started GET "/assets/jquery.js?body=1" for 10.0.2.2 at 2013-04-16 13:27:00 +0100
Served asset /jquery.js - 304 Not Modified (29ms)


Started GET "/assets/static_pages.js?body=1" for 10.0.2.2 at 2013-04-16 13:27:00 +0100
Served asset /static_pages.js - 304 Not Modified (17ms)


Started GET "/assets/application.css?body=1" for 10.0.2.2 at 2013-04-16 13:27:00 +0100
Served asset /application.css - 304 Not Modified (19ms)


Started GET "/assets/application.js?body=1" for 10.0.2.2 at 2013-04-16 13:27:00 +0100
Served asset /application.js - 304 Not Modified (44ms)


Started GET "/assets/users.js?body=1" for 10.0.2.2 at 2013-04-16 13:27:01 +0100
Served asset /users.js - 304 Not Modified (15ms)
Connecting to database specified by database.yml
  [1m[36m (0.2ms)[0m  [1mselect sqlite_version(*)[0m
  [1m[35m (9.7ms)[0m  CREATE TABLE "schema_migrations" ("version" varchar(255) NOT NULL) 
  [1m[36m (10.0ms)[0m  [1mCREATE UNIQUE INDEX "unique_schema_migrations" ON "schema_migrations" ("version")[0m
  [1m[35m (16.1ms)[0m  SELECT "schema_migrations"."version" FROM "schema_migrations" 
Connecting to database specified by database.yml
  [1m[36m (14.5ms)[0m  [1mSELECT "schema_migrations"."version" FROM "schema_migrations" [0m


Started GET "/signup/" for 10.0.2.2 at 2013-04-16 13:54:03 +0100
Connecting to database specified by database.yml
Processing by UsersController#new as HTML
  Rendered users/new.html.erb within layouts/application (27.3ms)
  Rendered layouts/_shim.html.erb (0.5ms)
  Rendered layouts/_header.html.erb (1.6ms)
  Rendered layouts/_footer.html.erb (1.2ms)
Completed 200 OK in 340ms (Views: 339.7ms | ActiveRecord: 0.0ms)


Started GET "/assets/jquery_ujs.js?body=1" for 10.0.2.2 at 2013-04-16 13:54:05 +0100
Served asset /jquery_ujs.js - 304 Not Modified (27ms)


Started GET "/assets/static_pages.js?body=1" for 10.0.2.2 at 2013-04-16 13:54:05 +0100
Served asset /static_pages.js - 304 Not Modified (17ms)


Started GET "/assets/jquery.js?body=1" for 10.0.2.2 at 2013-04-16 13:54:05 +0100
Served asset /jquery.js - 304 Not Modified (31ms)


Started GET "/assets/application.css?body=1" for 10.0.2.2 at 2013-04-16 13:54:05 +0100
Served asset /application.css - 304 Not Modified (18ms)


Started GET "/assets/users.js?body=1" for 10.0.2.2 at 2013-04-16 13:54:05 +0100
Served asset /users.js - 304 Not Modified (15ms)


Started GET "/assets/application.js?body=1" for 10.0.2.2 at 2013-04-16 13:54:05 +0100
Served asset /application.js - 304 Not Modified (44ms)


Started GET "/about/" for 10.0.2.2 at 2013-04-17 10:44:36 +0100
Connecting to database specified by database.yml
Processing by StaticPagesController#about as HTML
  Rendered static_pages/about.html.erb within layouts/application (34.8ms)
Compiled users.css  (76ms)  (pid 1670)
Compiled application.css  (418ms)  (pid 1670)
  Rendered layouts/_shim.html.erb (0.6ms)
  Rendered layouts/_header.html.erb (1.5ms)
  Rendered layouts/_footer.html.erb (1.8ms)
Completed 200 OK in 1408ms (Views: 1407.7ms | ActiveRecord: 0.0ms)


Started GET "/assets/users.css?body=1" for 10.0.2.2 at 2013-04-17 10:44:39 +0100
Served asset /users.css - 200 OK (21ms)


Started GET "/assets/jquery.js?body=1" for 10.0.2.2 at 2013-04-17 10:44:39 +0100
Served asset /jquery.js - 304 Not Modified (40ms)


Started GET "/assets/custom.css?body=1" for 10.0.2.2 at 2013-04-17 10:44:39 +0100
Served asset /custom.css - 200 OK (53ms)


Started GET "/assets/static_pages.css?body=1" for 10.0.2.2 at 2013-04-17 10:44:39 +0100
Served asset /static_pages.css - 304 Not Modified (32ms)


Started GET "/assets/application.css?body=1" for 10.0.2.2 at 2013-04-17 10:44:39 +0100
Served asset /application.css - 200 OK (85ms)


Started GET "/assets/static_pages.js?body=1" for 10.0.2.2 at 2013-04-17 10:44:40 +0100
Served asset /static_pages.js - 304 Not Modified (24ms)


Started GET "/assets/users.js?body=1" for 10.0.2.2 at 2013-04-17 10:44:40 +0100
Served asset /users.js - 304 Not Modified (17ms)


Started GET "/assets/application.js?body=1" for 10.0.2.2 at 2013-04-17 10:44:40 +0100
Served asset /application.js - 304 Not Modified (58ms)


Started GET "/assets/jquery_ujs.js?body=1" for 10.0.2.2 at 2013-04-17 10:44:40 +0100
Served asset /jquery_ujs.js - 304 Not Modified (28ms)
